Ragdol_SpaceMonkey/Temp/gradleOut/launcher/build/outputs/logs/manifest-merger-release-report.txt
-- Merging decision tree log ---
manifest
ADDED from src\main\AndroidManifest.xml:3:1-6:12
INJECTED from src\main\AndroidManifest.xml:3:1-6:12
INJECTED from src\main\AndroidManifest.xml:3:1-6:12
INJECTED from src\main\AndroidManifest.xml:3:1-6:12
MERGED from [:unityLibrary] AndroidManifest.xml:2:1-105:12
INJECTED from src\main\AndroidManifest.xml:3:1-6:12
INJECTED from src\main\AndroidManifest.xml:3:1-6:12
INJECTED from src\main\AndroidManifest.xml:3:1-6:12
	package
		ADDED from src\main\AndroidManifest.xml:3:70-117
		INJECTED from src\main\AndroidManifest.xml
		INJECTED from src\main\AndroidManifest.xml
	android:versionName
		INJECTED from src\main\AndroidManifest.xml
		ADDED from src\main\AndroidManifest.xml:3:1-6:12
		INJECTED from src\main\AndroidManifest.xml
	xmlns:tools
		ADDED from src\main\AndroidManifest.xml:3:118-164
	android:versionCode
		INJECTED from src\main\AndroidManifest.xml
		ADDED from src\main\AndroidManifest.xml:3:1-6:12
		INJECTED from src\main\AndroidManifest.xml
	xmlns:android
		ADDED from src\main\AndroidManifest.xml:3:11-69
	android:installLocation
		ADDED from src\main\AndroidManifest.xml:3:165-205
supports-screens
ADDED from src\main\AndroidManifest.xml:4:3-163
MERGED from [:unityLibrary] AndroidManifest.xml:12:5-17:40
MERGED from [:unityLibrary] AndroidManifest.xml:12:5-17:40
	android:largeScreens
		ADDED from src\main\AndroidManifest.xml:4:78-105
	android:smallScreens
		ADDED from src\main\AndroidManifest.xml:4:21-48
	android:normalScreens
		ADDED from src\main\AndroidManifest.xml:4:49-77
	android:xlargeScreens
		ADDED from src\main\AndroidManifest.xml:4:106-134
	android:anyDensity
		ADDED from src\main\AndroidManifest.xml:4:135-160
application
ADDED from src\main\AndroidManifest.xml:5:3-116
MERGED from [:unityLibrary] AndroidManifest.xml:27:5-103:19
MERGED from [:unityLibrary] AndroidManifest.xml:27:5-103:19
	android:extractNativeLibs
		ADDED from src\main\AndroidManifest.xml:5:16-48
	android:label
		ADDED from src\main\AndroidManifest.xml:5:49-81
	android:debuggable
		ADDED from [:unityLibrary] AndroidManifest.xml:28:9-34
	android:icon
		ADDED from src\main\AndroidManifest.xml:5:82-113
	android:theme
		ADDED from [:unityLibrary] AndroidManifest.xml:31:9-67
uses-sdk
INJECTED from src\main\AndroidManifest.xml reason: use-sdk injection requested
INJECTED from src\main\AndroidManifest.xml
INJECTED from src\main\AndroidManifest.xml
MERGED from [:unityLibrary] AndroidManifest.xml:8:5-10:41
MERGED from [:unityLibrary] AndroidManifest.xml:8:5-10:41
INJECTED from src\main\AndroidManifest.xml
INJECTED from src\main\AndroidManifest.xml
	android:targetSdkVersion
		INJECTED from src\main\AndroidManifest.xml
		ADDED from src\main\AndroidManifest.xml
		INJECTED from src\main\AndroidManifest.xml
	android:minSdkVersion
		INJECTED from src\main\AndroidManifest.xml
		ADDED from src\main\AndroidManifest.xml
		INJECTED from src\main\AndroidManifest.xml
uses-feature#0x00030000
ADDED from [:unityLibrary] AndroidManifest.xml:19:5-54
	android:glEsVersion
		ADDED from [:unityLibrary] AndroidManifest.xml:19:19-51
uses-feature#android.hardware.vulkan.version
ADDED from [:unityLibrary] AndroidManifest.xml:20:5-22:36
	android:required
		ADDED from [:unityLibrary] AndroidManifest.xml:22:9-33
	android:name
		ADDED from [:unityLibrary] AndroidManifest.xml:21:9-55
uses-feature#android.hardware.touchscreen
ADDED from [:unityLibrary] AndroidManifest.xml:23:5-25:36
	android:required
		ADDED from [:unityLibrary] AndroidManifest.xml:25:9-33
	android:name
		ADDED from [:unityLibrary] AndroidManifest.xml:24:9-52
activity#com.unity3d.player.UnityPlayerActivity
ADDED from [:unityLibrary] AndroidManifest.xml:32:9-49:20
	android:screenOrientation
		ADDED from [:unityLibrary] AndroidManifest.xml:39:13-51
	android:label
		ADDED from [:unityLibrary] AndroidManifest.xml:36:13-45
	android:launchMode
		ADDED from [:unityLibrary] AndroidManifest.xml:37:13-44
	android:hardwareAccelerated
		ADDED from [:unityLibrary] AndroidManifest.xml:35:13-48
	android:resizeableActivity
		ADDED from [:unityLibrary] AndroidManifest.xml:38:13-47
	android:configChanges
		ADDED from [:unityLibrary] AndroidManifest.xml:34:13-194
	android:name
		ADDED from [:unityLibrary] AndroidManifest.xml:33:13-66
intent-filter#action:name:android.intent.action.MAIN+category:name:android.intent.category.LAUNCHER
ADDED from [:unityLibrary] AndroidManifest.xml:40:13-44:29
action#android.intent.action.MAIN
ADDED from [:unityLibrary] AndroidManifest.xml:41:17-69
	android:name
		ADDED from [:unityLibrary] AndroidManifest.xml:41:25-66
category#android.intent.category.LAUNCHER
ADDED from [:unityLibrary] AndroidManifest.xml:43:17-77
	android:name
		ADDED from [:unityLibrary] AndroidManifest.xml:43:27-74
meta-data#unityplayer.UnityActivity
ADDED from [:unityLibrary] AndroidManifest.xml:46:13-48:40
	android:value
		ADDED from [:unityLibrary] AndroidManifest.xml:48:17-37
	android:name
		ADDED from [:unityLibrary] AndroidManifest.xml:47:17-57
activity#com.facebook.unity.FBUnityLoginActivity
ADDED from [:unityLibrary] AndroidManifest.xml:50:9-53:86
	android:configChanges
		ADDED from [:unityLibrary] AndroidManifest.xml:52:13-170
	android:theme
		ADDED from [:unityLibrary] AndroidManifest.xml:53:13-83
	android:name
		ADDED from [:unityLibrary] AndroidManifest.xml:51:13-67
activity#com.facebook.unity.FBUnityDialogsActivity
ADDED from [:unityLibrary] AndroidManifest.xml:54:9-57:86
	android:configChanges
		ADDED from [:unityLibrary] AndroidManifest.xml:56:13-170
	android:theme
		ADDED from [:unityLibrary] AndroidManifest.xml:57:13-83
	android:name
		ADDED from [:unityLibrary] AndroidManifest.xml:55:13-69
activity#com.facebook.unity.FBUnityGamingServicesFriendFinderActivity
ADDED from [:unityLibrary] AndroidManifest.xml:58:9-61:86
	android:configChanges
		ADDED from [:unityLibrary] AndroidManifest.xml:60:13-170
	android:theme
		ADDED from [:unityLibrary] AndroidManifest.xml:61:13-83
	android:name
		ADDED from [:unityLibrary] AndroidManifest.xml:59:13-88
activity#com.facebook.unity.FBUnityAppLinkActivity
ADDED from [:unityLibrary] AndroidManifest.xml:62:9-64:39
	android:exported
		ADDED from [:unityLibrary] AndroidManifest.xml:64:13-36
	android:name
		ADDED from [:unityLibrary] AndroidManifest.xml:63:13-69
activity#com.facebook.unity.FBUnityDeepLinkingActivity
ADDED from [:unityLibrary] AndroidManifest.xml:65:9-67:39
	android:exported
		ADDED from [:unityLibrary] AndroidManifest.xml:67:13-36
	android:name
		ADDED from [:unityLibrary] AndroidManifest.xml:66:13-73
activity#com.facebook.unity.FBUnityGameRequestActivity
ADDED from [:unityLibrary] AndroidManifest.xml:68:9-82
	android:name
		ADDED from [:unityLibrary] AndroidManifest.xml:68:19-79
activity#com.facebook.unity.FBUnityCreateGameGroupActivity
ADDED from [:unityLibrary] AndroidManifest.xml:69:9-86
	android:name
		ADDED from [:unityLibrary] AndroidManifest.xml:69:19-83
activity#com.facebook.unity.FBUnityJoinGameGroupActivity
ADDED from [:unityLibrary] AndroidManifest.xml:70:9-84
	android:name
		ADDED from [:unityLibrary] AndroidManifest.xml:70:19-81
meta-data#com.facebook.sdk.ApplicationId
ADDED from [:unityLibrary] AndroidManifest.xml:72:9-74:49
	android:value
		ADDED from [:unityLibrary] AndroidManifest.xml:74:13-46
	android:name
		ADDED from [:unityLibrary] AndroidManifest.xml:73:13-58
meta-data#com.facebook.sdk.AutoLogAppEventsEnabled
ADDED from [:unityLibrary] AndroidManifest.xml:75:9-77:36
	android:value
		ADDED from [:unityLibrary] AndroidManifest.xml:77:13-33
	android:name
		ADDED from [:unityLibrary] AndroidManifest.xml:76:13-68
meta-data#com.facebook.sdk.AdvertiserIDCollectionEnabled
ADDED from [:unityLibrary] AndroidManifest.xml:78:9-80:36
	android:value
		ADDED from [:unityLibrary] AndroidManifest.xml:80:13-33
	android:name
		ADDED from [:unityLibrary] AndroidManifest.xml:79:13-74
provider#com.facebook.FacebookContentProvider
ADDED from [:unityLibrary] AndroidManifest.xml:82:9-85:39
	android:authorities
		ADDED from [:unityLibrary] AndroidManifest.xml:84:13-90
	android:exported
		ADDED from [:unityLibrary] AndroidManifest.xml:85:13-36
	android:name
		ADDED from [:unityLibrary] AndroidManifest.xml:83:13-64
uses-permission#android.permission.INTERNET
ADDED from [:unityLibrary] AndroidManifest.xml:87:9-71
	android:name
		ADDED from [:unityLibrary] AndroidManifest.xml:87:26-68
uses-permission#android.permission.ACCESS_NETWORK_STATE
ADDED from [:unityLibrary] AndroidManifest.xml:88:9-83
	android:name
		ADDED from [:unityLibrary] AndroidManifest.xml:88:26-80
uses-permission#android.permission.ACCESS_WIFI_STATE
ADDED from [:unityLibrary] AndroidManifest.xml:89:9-80
	android:name
		ADDED from [:unityLibrary] AndroidManifest.xml:89:26-77
meta-data#unity.splash-mode
ADDED from [:unityLibrary] AndroidManifest.xml:91:9-93:33
	android:value
		ADDED from [:unityLibrary] AndroidManifest.xml:93:13-30
	android:name
		ADDED from [:unityLibrary] AndroidManifest.xml:92:13-45
meta-data#unity.splash-enable
ADDED from [:unityLibrary] AndroidManifest.xml:94:9-96:36
	android:value
		ADDED from [:unityLibrary] AndroidManifest.xml:96:13-33
	android:name
		ADDED from [:unityLibrary] AndroidManifest.xml:95:13-47
meta-data#unity.allow-resizable-window
ADDED from [:unityLibrary] AndroidManifest.xml:97:9-99:37
	android:value
		ADDED from [:unityLibrary] AndroidManifest.xml:99:13-34
	android:name
		ADDED from [:unityLibrary] AndroidManifest.xml:98:13-56
meta-data#unity.build-id
ADDED from [:unityLibrary] AndroidManifest.xml:100:9-102:68
	android:value
		ADDED from [:unityLibrary] AndroidManifest.xml:102:13-65
	android:name
		ADDED from [:unityLibrary] AndroidManifest.xml:101:13-42